[2020-10-22 23:15:56] local.ERROR: SQLSTATE[42S02]: Base table or view not found: 1146 Table 'skool.nifty' doesn't exist (SQL: insert into `nifty` (`price`, `value`, `percentage`, `updated_at`, `created_at`) values (11896.45, −41.20, −41.20, 2020-10-22 23:15:55, 2020-10-22 23:15:55)) {"exception":"[object] (Illuminate\\Database\\QueryException(code: 42S02): SQLSTATE[42S02]: Base table or view not found: 1146 Table 'skool.nifty' doesn't exist (SQL: insert into `nifty` (`price`, `value`, `percentage`, `updated_at`, `created_at`) values (11896.45, −41.20, −41.20, 2020-10-22 23:15:55, 2020-10-22 23:15:55)) at D:\\xampp\\htdocs\\old_dilip-2\\vendor\\laravel\\framework\\src\\Illuminate\\Database\\Connection.php:664, PDOException(code: 42S02): SQLSTATE[42S02]: Base table or view not found: 1146 Table 'skool.nifty' doesn't exist at D:\\xampp\\htdocs\\old_dilip-2\\vendor\\laravel\\framework\\src\\Illuminate\\Database\\Connection.php:452)
[stacktrace]
#0 D:\\xampp\\htdocs\\old_dilip-2\\vendor\\laravel\\framework\\src\\Illuminate\\Database\\Connection.php(624): Illuminate\\Database\\Connection->runQueryCallback('insert into `ni...', Array, Object(Closure))
#1 D:\\xampp\\htdocs\\old_dilip-2\\vendor\\laravel\\framework\\src\\Illuminate\\Database\\Connection.php(459): Illuminate\\Database\\Connection->run('insert into `ni...', Array, Object(Closure))
#2 D:\\xampp\\htdocs\\old_dilip-2\\vendor\\laravel\\framework\\src\\Illuminate\\Database\\Connection.php(411): Illuminate\\Database\\Connection->statement('insert into `ni...', Array)
#3 D:\\xampp\\htdocs\\old_dilip-2\\vendor\\laravel\\framework\\src\\Illuminate\\Database\\Query\\Processors\\Processor.php(32): Illuminate\\Database\\Connection->insert('insert into `ni...', Array)
#4 D:\\xampp\\htdocs\\old_dilip-2\\vendor\\laravel\\framework\\src\\Illuminate\\Database\\Query\\Builder.php(2159): Illuminate\\Database\\Query\\Processors\\Processor->processInsertGetId(Object(Illuminate\\Database\\Query\\Builder), 'insert into `ni...', Array, 'id')
#5 D:\\xampp\\htdocs\\old_dilip-2\\vendor\\laravel\\framework\\src\\Illuminate\\Database\\Eloquent\\Builder.php(1283): Illuminate\\Database\\Query\\Builder->insertGetId(Array, 'id')
#6 D:\\xampp\\htdocs\\old_dilip-2\\vendor\\laravel\\framework\\src\\Illuminate\\Database\\Eloquent\\Model.php(722): Illuminate\\Database\\Eloquent\\Builder->__call('insertGetId', Array)
#7 D:\\xampp\\htdocs\\old_dilip-2\\vendor\\laravel\\framework\\src\\Illuminate\\Database\\Eloquent\\Model.php(687): Illuminate\\Database\\Eloquent\\Model->insertAndSetId(Object(Illuminate\\Database\\Eloquent\\Builder), Array)
#8 D:\\xampp\\htdocs\\old_dilip-2\\vendor\\laravel\\framework\\src\\Illuminate\\Database\\Eloquent\\Model.php(550): Illuminate\\Database\\Eloquent\\Model->performInsert(Object(Illuminate\\Database\\Eloquent\\Builder))
#9 D:\\xampp\\htdocs\\old_dilip-2\\app\\Console\\Commands\\NiftyStore.php(54): Illuminate\\Database\\Eloquent\\Model->save()
#10 [internal function]: App\\Console\\Commands\\NiftyStore->handle()
#11 D:\\xampp\\htdocs\\old_dilip-2\\vendor\\laravel\\framework\\src\\Illuminate\\Container\\BoundMethod.php(29): call_user_func_array(Array, Array)
#12 D:\\xampp\\htdocs\\old_dilip-2\\vendor\\laravel\\framework\\src\\Illuminate\\Container\\BoundMethod.php(87): Illuminate\\Container\\BoundMethod::Illuminate\\Container\\{closure}()
#13 D:\\xampp\\htdocs\\old_dilip-2\\vendor\\laravel\\framework\\src\\Illuminate\\Container\\BoundMethod.php(31): Illuminate\\Container\\BoundMethod::callBoundMethod(Object(Illuminate\\Foundation\\Application), Array, Object(Closure))
#14 D:\\xampp\\htdocs\\old_dilip-2\\vendor\\laravel\\framework\\src\\Illuminate\\Container\\Container.php(549): Illuminate\\Container\\BoundMethod::call(Object(Illuminate\\Foundation\\Application), Array, Array, NULL)
#15 D:\\xampp\\htdocs\\old_dilip-2\\vendor\\laravel\\framework\\src\\Illuminate\\Console\\Command.php(183): Illuminate\\Container\\Container->call(Array)
#16 D:\\xampp\\htdocs\\old_dilip-2\\vendor\\symfony\\console\\Command\\Command.php(255): Illuminate\\Console\\Command->execute(Object(Symfony\\Component\\Console\\Input\\ArgvInput), Object(Illuminate\\Console\\OutputStyle))
#17 D:\\xampp\\htdocs\\old_dilip-2\\vendor\\laravel\\framework\\src\\Illuminate\\Console\\Command.php(170): Symfony\\Component\\Console\\Command\\Command->run(Object(Symfony\\Component\\Console\\Input\\ArgvInput), Object(Illuminate\\Console\\OutputStyle))
#18 D:\\xampp\\htdocs\\old_dilip-2\\vendor\\symfony\\console\\Application.php(960): Illuminate\\Console\\Command->run(Object(Symfony\\Component\\Console\\Input\\ArgvInput), Object(Symfony\\Component\\Console\\Output\\ConsoleOutput))
#19 D:\\xampp\\htdocs\\old_dilip-2\\vendor\\symfony\\console\\Application.php(255): Symfony\\Component\\Console\\Application->doRunCommand(Object(App\\Console\\Commands\\NiftyStore), Object(Symfony\\Component\\Console\\Input\\ArgvInput), Object(Symfony\\Component\\Console\\Output\\ConsoleOutput))
#20 D:\\xampp\\htdocs\\old_dilip-2\\vendor\\symfony\\console\\Application.php(148): Symfony\\Component\\Console\\Application->doRun(Object(Symfony\\Component\\Console\\Input\\ArgvInput), Object(Symfony\\Component\\Console\\Output\\ConsoleOutput))
#21 D:\\xampp\\htdocs\\old_dilip-2\\vendor\\laravel\\framework\\src\\Illuminate\\Console\\Application.php(88): Symfony\\Component\\Console\\Application->run(Object(Symfony\\Component\\Console\\Input\\ArgvInput), Object(Symfony\\Component\\Console\\Output\\ConsoleOutput))
#22 D:\\xampp\\htdocs\\old_dilip-2\\vendor\\laravel\\framework\\src\\Illuminate\\Foundation\\Console\\Kernel.php(121): Illuminate\\Console\\Application->run(Object(Symfony\\Component\\Console\\Input\\ArgvInput), Object(Symfony\\Component\\Console\\Output\\ConsoleOutput))
#23 D:\\xampp\\htdocs\\old_dilip-2\\artisan(37): Illuminate\\Foundation\\Console\\Kernel->handle(Object(Symfony\\Component\\Console\\Input\\ArgvInput), Object(Symfony\\Component\\Console\\Output\\ConsoleOutput))
#24 {main}
"} 
[2020-10-22 23:16:35] local.ERROR: SQLSTATE[22007]: Invalid datetime format: 1366 Incorrect double value: '−41.20' for column 'value' at row 1 (SQL: insert into `nifty` (`price`, `value`, `percentage`, `updated_at`, `created_at`) values (11896.45, −41.20, −41.20, 2020-10-22 23:16:35, 2020-10-22 23:16:35)) {"exception":"[object] (Illuminate\\Database\\QueryException(code: 22007): SQLSTATE[22007]: Invalid datetime format: 1366 Incorrect double value: '−41.20' for column 'value' at row 1 (SQL: insert into `nifty` (`price`, `value`, `percentage`, `updated_at`, `created_at`) values (11896.45, −41.20, −41.20, 2020-10-22 23:16:35, 2020-10-22 23:16:35)) at D:\\xampp\\htdocs\\old_dilip-2\\vendor\\laravel\\framework\\src\\Illuminate\\Database\\Connection.php:664, PDOException(code: 22007): SQLSTATE[22007]: Invalid datetime format: 1366 Incorrect double value: '−41.20' for column 'value' at row 1 at D:\\xampp\\htdocs\\old_dilip-2\\vendor\\laravel\\framework\\src\\Illuminate\\Database\\Connection.php:458)
[stacktrace]
#0 D:\\xampp\\htdocs\\old_dilip-2\\vendor\\laravel\\framework\\src\\Illuminate\\Database\\Connection.php(624): Illuminate\\Database\\Connection->runQueryCallback('insert into `ni...', Array, Object(Closure))
#1 D:\\xampp\\htdocs\\old_dilip-2\\vendor\\laravel\\framework\\src\\Illuminate\\Database\\Connection.php(459): Illuminate\\Database\\Connection->run('insert into `ni...', Array, Object(Closure))
#2 D:\\xampp\\htdocs\\old_dilip-2\\vendor\\laravel\\framework\\src\\Illuminate\\Database\\Connection.php(411): Illuminate\\Database\\Connection->statement('insert into `ni...', Array)
#3 D:\\xampp\\htdocs\\old_dilip-2\\vendor\\laravel\\framework\\src\\Illuminate\\Database\\Query\\Processors\\Processor.php(32): Illuminate\\Database\\Connection->insert('insert into `ni...', Array)
#4 D:\\xampp\\htdocs\\old_dilip-2\\vendor\\laravel\\framework\\src\\Illuminate\\Database\\Query\\Builder.php(2159): Illuminate\\Database\\Query\\Processors\\Processor->processInsertGetId(Object(Illuminate\\Database\\Query\\Builder), 'insert into `ni...', Array, 'id')
#5 D:\\xampp\\htdocs\\old_dilip-2\\vendor\\laravel\\framework\\src\\Illuminate\\Database\\Eloquent\\Builder.php(1283): Illuminate\\Database\\Query\\Builder->insertGetId(Array, 'id')
#6 D:\\xampp\\htdocs\\old_dilip-2\\vendor\\laravel\\framework\\src\\Illuminate\\Database\\Eloquent\\Model.php(722): Illuminate\\Database\\Eloquent\\Builder->__call('insertGetId', Array)
#7 D:\\xampp\\htdocs\\old_dilip-2\\vendor\\laravel\\framework\\src\\Illuminate\\Database\\Eloquent\\Model.php(687): Illuminate\\Database\\Eloquent\\Model->insertAndSetId(Object(Illuminate\\Database\\Eloquent\\Builder), Array)
#8 D:\\xampp\\htdocs\\old_dilip-2\\vendor\\laravel\\framework\\src\\Illuminate\\Database\\Eloquent\\Model.php(550): Illuminate\\Database\\Eloquent\\Model->performInsert(Object(Illuminate\\Database\\Eloquent\\Builder))
#9 D:\\xampp\\htdocs\\old_dilip-2\\app\\Console\\Commands\\NiftyStore.php(54): Illuminate\\Database\\Eloquent\\Model->save()
#10 [internal function]: App\\Console\\Commands\\NiftyStore->handle()
#11 D:\\xampp\\htdocs\\old_dilip-2\\vendor\\laravel\\framework\\src\\Illuminate\\Container\\BoundMethod.php(29): call_user_func_array(Array, Array)
#12 D:\\xampp\\htdocs\\old_dilip-2\\vendor\\laravel\\framework\\src\\Illuminate\\Container\\BoundMethod.php(87): Illuminate\\Container\\BoundMethod::Illuminate\\Container\\{closure}()
#13 D:\\xampp\\htdocs\\old_dilip-2\\vendor\\laravel\\framework\\src\\Illuminate\\Container\\BoundMethod.php(31): Illuminate\\Container\\BoundMethod::callBoundMethod(Object(Illuminate\\Foundation\\Application), Array, Object(Closure))
#14 D:\\xampp\\htdocs\\old_dilip-2\\vendor\\laravel\\framework\\src\\Illuminate\\Container\\Container.php(549): Illuminate\\Container\\BoundMethod::call(Object(Illuminate\\Foundation\\Application), Array, Array, NULL)
#15 D:\\xampp\\htdocs\\old_dilip-2\\vendor\\laravel\\framework\\src\\Illuminate\\Console\\Command.php(183): Illuminate\\Container\\Container->call(Array)
#16 D:\\xampp\\htdocs\\old_dilip-2\\vendor\\symfony\\console\\Command\\Command.php(255): Illuminate\\Console\\Command->execute(Object(Symfony\\Component\\Console\\Input\\ArgvInput), Object(Illuminate\\Console\\OutputStyle))
#17 D:\\xampp\\htdocs\\old_dilip-2\\vendor\\laravel\\framework\\src\\Illuminate\\Console\\Command.php(170): Symfony\\Component\\Console\\Command\\Command->run(Object(Symfony\\Component\\Console\\Input\\ArgvInput), Object(Illuminate\\Console\\OutputStyle))
#18 D:\\xampp\\htdocs\\old_dilip-2\\vendor\\symfony\\console\\Application.php(960): Illuminate\\Console\\Command->run(Object(Symfony\\Component\\Console\\Input\\ArgvInput), Object(Symfony\\Component\\Console\\Output\\ConsoleOutput))
#19 D:\\xampp\\htdocs\\old_dilip-2\\vendor\\symfony\\console\\Application.php(255): Symfony\\Component\\Console\\Application->doRunCommand(Object(App\\Console\\Commands\\NiftyStore), Object(Symfony\\Component\\Console\\Input\\ArgvInput), Object(Symfony\\Component\\Console\\Output\\ConsoleOutput))
#20 D:\\xampp\\htdocs\\old_dilip-2\\vendor\\symfony\\console\\Application.php(148): Symfony\\Component\\Console\\Application->doRun(Object(Symfony\\Component\\Console\\Input\\ArgvInput), Object(Symfony\\Component\\Console\\Output\\ConsoleOutput))
#21 D:\\xampp\\htdocs\\old_dilip-2\\vendor\\laravel\\framework\\src\\Illuminate\\Console\\Application.php(88): Symfony\\Component\\Console\\Application->run(Object(Symfony\\Component\\Console\\Input\\ArgvInput), Object(Symfony\\Component\\Console\\Output\\ConsoleOutput))
#22 D:\\xampp\\htdocs\\old_dilip-2\\vendor\\laravel\\framework\\src\\Illuminate\\Foundation\\Console\\Kernel.php(121): Illuminate\\Console\\Application->run(Object(Symfony\\Component\\Console\\Input\\ArgvInput), Object(Symfony\\Component\\Console\\Output\\ConsoleOutput))
#23 D:\\xampp\\htdocs\\old_dilip-2\\artisan(37): Illuminate\\Foundation\\Console\\Kernel->handle(Object(Symfony\\Component\\Console\\Input\\ArgvInput), Object(Symfony\\Component\\Console\\Output\\ConsoleOutput))
#24 {main}
"} 
[2020-10-22 23:17:15] local.ERROR: SQLSTATE[22007]: Invalid datetime format: 1366 Incorrect double value: '−41.20' for column 'value' at row 1 (SQL: insert into `nifty` (`price`, `value`, `percentage`, `updated_at`, `created_at`) values (11896.45, −41.20, −41.20, 2020-10-22 23:17:14, 2020-10-22 23:17:14)) {"exception":"[object] (Illuminate\\Database\\QueryException(code: 22007): SQLSTATE[22007]: Invalid datetime format: 1366 Incorrect double value: '−41.20' for column 'value' at row 1 (SQL: insert into `nifty` (`price`, `value`, `percentage`, `updated_at`, `created_at`) values (11896.45, −41.20, −41.20, 2020-10-22 23:17:14, 2020-10-22 23:17:14)) at D:\\xampp\\htdocs\\old_dilip-2\\vendor\\laravel\\framework\\src\\Illuminate\\Database\\Connection.php:664, PDOException(code: 22007): SQLSTATE[22007]: Invalid datetime format: 1366 Incorrect double value: '−41.20' for column 'value' at row 1 at D:\\xampp\\htdocs\\old_dilip-2\\vendor\\laravel\\framework\\src\\Illuminate\\Database\\Connection.php:458)
[stacktrace]
#0 D:\\xampp\\htdocs\\old_dilip-2\\vendor\\laravel\\framework\\src\\Illuminate\\Database\\Connection.php(624): Illuminate\\Database\\Connection->runQueryCallback('insert into `ni...', Array, Object(Closure))
#1 D:\\xampp\\htdocs\\old_dilip-2\\vendor\\laravel\\framework\\src\\Illuminate\\Database\\Connection.php(459): Illuminate\\Database\\Connection->run('insert into `ni...', Array, Object(Closure))
#2 D:\\xampp\\htdocs\\old_dilip-2\\vendor\\laravel\\framework\\src\\Illuminate\\Database\\Connection.php(411): Illuminate\\Database\\Connection->statement('insert into `ni...', Array)
#3 D:\\xampp\\htdocs\\old_dilip-2\\vendor\\laravel\\framework\\src\\Illuminate\\Database\\Query\\Processors\\Processor.php(32): Illuminate\\Database\\Connection->insert('insert into `ni...', Array)
#4 D:\\xampp\\htdocs\\old_dilip-2\\vendor\\laravel\\framework\\src\\Illuminate\\Database\\Query\\Builder.php(2159): Illuminate\\Database\\Query\\Processors\\Processor->processInsertGetId(Object(Illuminate\\Database\\Query\\Builder), 'insert into `ni...', Array, 'id')
#5 D:\\xampp\\htdocs\\old_dilip-2\\vendor\\laravel\\framework\\src\\Illuminate\\Database\\Eloquent\\Builder.php(1283): Illuminate\\Database\\Query\\Builder->insertGetId(Array, 'id')
#6 D:\\xampp\\htdocs\\old_dilip-2\\vendor\\laravel\\framework\\src\\Illuminate\\Database\\Eloquent\\Model.php(722): Illuminate\\Database\\Eloquent\\Builder->__call('insertGetId', Array)
#7 D:\\xampp\\htdocs\\old_dilip-2\\vendor\\laravel\\framework\\src\\Illuminate\\Database\\Eloquent\\Model.php(687): Illuminate\\Database\\Eloquent\\Model->insertAndSetId(Object(Illuminate\\Database\\Eloquent\\Builder), Array)
#8 D:\\xampp\\htdocs\\old_dilip-2\\vendor\\laravel\\framework\\src\\Illuminate\\Database\\Eloquent\\Model.php(550): Illuminate\\Database\\Eloquent\\Model->performInsert(Object(Illuminate\\Database\\Eloquent\\Builder))
#9 D:\\xampp\\htdocs\\old_dilip-2\\app\\Console\\Commands\\NiftyStore.php(54): Illuminate\\Database\\Eloquent\\Model->save()
#10 [internal function]: App\\Console\\Commands\\NiftyStore->handle()
#11 D:\\xampp\\htdocs\\old_dilip-2\\vendor\\laravel\\framework\\src\\Illuminate\\Container\\BoundMethod.php(29): call_user_func_array(Array, Array)
#12 D:\\xampp\\htdocs\\old_dilip-2\\vendor\\laravel\\framework\\src\\Illuminate\\Container\\BoundMethod.php(87): Illuminate\\Container\\BoundMethod::Illuminate\\Container\\{closure}()
#13 D:\\xampp\\htdocs\\old_dilip-2\\vendor\\laravel\\framework\\src\\Illuminate\\Container\\BoundMethod.php(31): Illuminate\\Container\\BoundMethod::callBoundMethod(Object(Illuminate\\Foundation\\Application), Array, Object(Closure))
#14 D:\\xampp\\htdocs\\old_dilip-2\\vendor\\laravel\\framework\\src\\Illuminate\\Container\\Container.php(549): Illuminate\\Container\\BoundMethod::call(Object(Illuminate\\Foundation\\Application), Array, Array, NULL)
#15 D:\\xampp\\htdocs\\old_dilip-2\\vendor\\laravel\\framework\\src\\Illuminate\\Console\\Command.php(183): Illuminate\\Container\\Container->call(Array)
#16 D:\\xampp\\htdocs\\old_dilip-2\\vendor\\symfony\\console\\Command\\Command.php(255): Illuminate\\Console\\Command->execute(Object(Symfony\\Component\\Console\\Input\\ArgvInput), Object(Illuminate\\Console\\OutputStyle))
#17 D:\\xampp\\htdocs\\old_dilip-2\\vendor\\laravel\\framework\\src\\Illuminate\\Console\\Command.php(170): Symfony\\Component\\Console\\Command\\Command->run(Object(Symfony\\Component\\Console\\Input\\ArgvInput), Object(Illuminate\\Console\\OutputStyle))
#18 D:\\xampp\\htdocs\\old_dilip-2\\vendor\\symfony\\console\\Application.php(960): Illuminate\\Console\\Command->run(Object(Symfony\\Component\\Console\\Input\\ArgvInput), Object(Symfony\\Component\\Console\\Output\\ConsoleOutput))
#19 D:\\xampp\\htdocs\\old_dilip-2\\vendor\\symfony\\console\\Application.php(255): Symfony\\Component\\Console\\Application->doRunCommand(Object(App\\Console\\Commands\\NiftyStore), Object(Symfony\\Component\\Console\\Input\\ArgvInput), Object(Symfony\\Component\\Console\\Output\\ConsoleOutput))
#20 D:\\xampp\\htdocs\\old_dilip-2\\vendor\\symfony\\console\\Application.php(148): Symfony\\Component\\Console\\Application->doRun(Object(Symfony\\Component\\Console\\Input\\ArgvInput), Object(Symfony\\Component\\Console\\Output\\ConsoleOutput))
#21 D:\\xampp\\htdocs\\old_dilip-2\\vendor\\laravel\\framework\\src\\Illuminate\\Console\\Application.php(88): Symfony\\Component\\Console\\Application->run(Object(Symfony\\Component\\Console\\Input\\ArgvInput), Object(Symfony\\Component\\Console\\Output\\ConsoleOutput))
#22 D:\\xampp\\htdocs\\old_dilip-2\\vendor\\laravel\\framework\\src\\Illuminate\\Foundation\\Console\\Kernel.php(121): Illuminate\\Console\\Application->run(Object(Symfony\\Component\\Console\\Input\\ArgvInput), Object(Symfony\\Component\\Console\\Output\\ConsoleOutput))
#23 D:\\xampp\\htdocs\\old_dilip-2\\artisan(37): Illuminate\\Foundation\\Console\\Kernel->handle(Object(Symfony\\Component\\Console\\Input\\ArgvInput), Object(Symfony\\Component\\Console\\Output\\ConsoleOutput))
#24 {main}
"} 
[2020-10-22 23:17:44] local.ERROR: SQLSTATE[22007]: Invalid datetime format: 1366 Incorrect string value: '\xE2\x88\x9241....' for column 'value' at row 1 (SQL: insert into `nifty` (`price`, `value`, `percentage`, `updated_at`, `created_at`) values (11896.45, −41.20, −41.20, 2020-10-22 23:17:44, 2020-10-22 23:17:44)) {"exception":"[object] (Illuminate\\Database\\QueryException(code: 22007): SQLSTATE[22007]: Invalid datetime format: 1366 Incorrect string value: '\\xE2\\x88\\x9241....' for column 'value' at row 1 (SQL: insert into `nifty` (`price`, `value`, `percentage`, `updated_at`, `created_at`) values (11896.45, −41.20, −41.20, 2020-10-22 23:17:44, 2020-10-22 23:17:44)) at D:\\xampp\\htdocs\\old_dilip-2\\vendor\\laravel\\framework\\src\\Illuminate\\Database\\Connection.php:664, PDOException(code: 22007): SQLSTATE[22007]: Invalid datetime format: 1366 Incorrect string value: '\\xE2\\x88\\x9241....' for column 'value' at row 1 at D:\\xampp\\htdocs\\old_dilip-2\\vendor\\laravel\\framework\\src\\Illuminate\\Database\\Connection.php:458)
[stacktrace]
#0 D:\\xampp\\htdocs\\old_dilip-2\\vendor\\laravel\\framework\\src\\Illuminate\\Database\\Connection.php(624): Illuminate\\Database\\Connection->runQueryCallback('insert into `ni...', Array, Object(Closure))
#1 D:\\xampp\\htdocs\\old_dilip-2\\vendor\\laravel\\framework\\src\\Illuminate\\Database\\Connection.php(459): Illuminate\\Database\\Connection->run('insert into `ni...', Array, Object(Closure))
#2 D:\\xampp\\htdocs\\old_dilip-2\\vendor\\laravel\\framework\\src\\Illuminate\\Database\\Connection.php(411): Illuminate\\Database\\Connection->statement('insert into `ni...', Array)
#3 D:\\xampp\\htdocs\\old_dilip-2\\vendor\\laravel\\framework\\src\\Illuminate\\Database\\Query\\Processors\\Processor.php(32): Illuminate\\Database\\Connection->insert('insert into `ni...', Array)
#4 D:\\xampp\\htdocs\\old_dilip-2\\vendor\\laravel\\framework\\src\\Illuminate\\Database\\Query\\Builder.php(2159): Illuminate\\Database\\Query\\Processors\\Processor->processInsertGetId(Object(Illuminate\\Database\\Query\\Builder), 'insert into `ni...', Array, 'id')
#5 D:\\xampp\\htdocs\\old_dilip-2\\vendor\\laravel\\framework\\src\\Illuminate\\Database\\Eloquent\\Builder.php(1283): Illuminate\\Database\\Query\\Builder->insertGetId(Array, 'id')
#6 D:\\xampp\\htdocs\\old_dilip-2\\vendor\\laravel\\framework\\src\\Illuminate\\Database\\Eloquent\\Model.php(722): Illuminate\\Database\\Eloquent\\Builder->__call('insertGetId', Array)
#7 D:\\xampp\\htdocs\\old_dilip-2\\vendor\\laravel\\framework\\src\\Illuminate\\Database\\Eloquent\\Model.php(687): Illuminate\\Database\\Eloquent\\Model->insertAndSetId(Object(Illuminate\\Database\\Eloquent\\Builder), Array)
#8 D:\\xampp\\htdocs\\old_dilip-2\\vendor\\laravel\\framework\\src\\Illuminate\\Database\\Eloquent\\Model.php(550): Illuminate\\Database\\Eloquent\\Model->performInsert(Object(Illuminate\\Database\\Eloquent\\Builder))
#9 D:\\xampp\\htdocs\\old_dilip-2\\app\\Console\\Commands\\NiftyStore.php(54): Illuminate\\Database\\Eloquent\\Model->save()
#10 [internal function]: App\\Console\\Commands\\NiftyStore->handle()
#11 D:\\xampp\\htdocs\\old_dilip-2\\vendor\\laravel\\framework\\src\\Illuminate\\Container\\BoundMethod.php(29): call_user_func_array(Array, Array)
#12 D:\\xampp\\htdocs\\old_dilip-2\\vendor\\laravel\\framework\\src\\Illuminate\\Container\\BoundMethod.php(87): Illuminate\\Container\\BoundMethod::Illuminate\\Container\\{closure}()
#13 D:\\xampp\\htdocs\\old_dilip-2\\vendor\\laravel\\framework\\src\\Illuminate\\Container\\BoundMethod.php(31): Illuminate\\Container\\BoundMethod::callBoundMethod(Object(Illuminate\\Foundation\\Application), Array, Object(Closure))
#14 D:\\xampp\\htdocs\\old_dilip-2\\vendor\\laravel\\framework\\src\\Illuminate\\Container\\Container.php(549): Illuminate\\Container\\BoundMethod::call(Object(Illuminate\\Foundation\\Application), Array, Array, NULL)
#15 D:\\xampp\\htdocs\\old_dilip-2\\vendor\\laravel\\framework\\src\\Illuminate\\Console\\Command.php(183): Illuminate\\Container\\Container->call(Array)
#16 D:\\xampp\\htdocs\\old_dilip-2\\vendor\\symfony\\console\\Command\\Command.php(255): Illuminate\\Console\\Command->execute(Object(Symfony\\Component\\Console\\Input\\ArgvInput), Object(Illuminate\\Console\\OutputStyle))
#17 D:\\xampp\\htdocs\\old_dilip-2\\vendor\\laravel\\framework\\src\\Illuminate\\Console\\Command.php(170): Symfony\\Component\\Console\\Command\\Command->run(Object(Symfony\\Component\\Console\\Input\\ArgvInput), Object(Illuminate\\Console\\OutputStyle))
#18 D:\\xampp\\htdocs\\old_dilip-2\\vendor\\symfony\\console\\Application.php(960): Illuminate\\Console\\Command->run(Object(Symfony\\Component\\Console\\Input\\ArgvInput), Object(Symfony\\Component\\Console\\Output\\ConsoleOutput))
#19 D:\\xampp\\htdocs\\old_dilip-2\\vendor\\symfony\\console\\Application.php(255): Symfony\\Component\\Console\\Application->doRunCommand(Object(App\\Console\\Commands\\NiftyStore), Object(Symfony\\Component\\Console\\Input\\ArgvInput), Object(Symfony\\Component\\Console\\Output\\ConsoleOutput))
#20 D:\\xampp\\htdocs\\old_dilip-2\\vendor\\symfony\\console\\Application.php(148): Symfony\\Component\\Console\\Application->doRun(Object(Symfony\\Component\\Console\\Input\\ArgvInput), Object(Symfony\\Component\\Console\\Output\\ConsoleOutput))
#21 D:\\xampp\\htdocs\\old_dilip-2\\vendor\\laravel\\framework\\src\\Illuminate\\Console\\Application.php(88): Symfony\\Component\\Console\\Application->run(Object(Symfony\\Component\\Console\\Input\\ArgvInput), Object(Symfony\\Component\\Console\\Output\\ConsoleOutput))
#22 D:\\xampp\\htdocs\\old_dilip-2\\vendor\\laravel\\framework\\src\\Illuminate\\Foundation\\Console\\Kernel.php(121): Illuminate\\Console\\Application->run(Object(Symfony\\Component\\Console\\Input\\ArgvInput), Object(Symfony\\Component\\Console\\Output\\ConsoleOutput))
#23 D:\\xampp\\htdocs\\old_dilip-2\\artisan(37): Illuminate\\Foundation\\Console\\Kernel->handle(Object(Symfony\\Component\\Console\\Input\\ArgvInput), Object(Symfony\\Component\\Console\\Output\\ConsoleOutput))
#24 {main}
"} 
[2020-10-22 23:19:33] local.ERROR: SQLSTATE[22007]: Invalid datetime format: 1366 Incorrect string value: '\xE2\x88\x9241....' for column 'percentage' at row 1 (SQL: insert into `nifty` (`price`, `value`, `percentage`, `updated_at`, `created_at`) values (11896.45, 0, −41.20, 2020-10-22 23:19:33, 2020-10-22 23:19:33)) {"exception":"[object] (Illuminate\\Database\\QueryException(code: 22007): SQLSTATE[22007]: Invalid datetime format: 1366 Incorrect string value: '\\xE2\\x88\\x9241....' for column 'percentage' at row 1 (SQL: insert into `nifty` (`price`, `value`, `percentage`, `updated_at`, `created_at`) values (11896.45, 0, −41.20, 2020-10-22 23:19:33, 2020-10-22 23:19:33)) at D:\\xampp\\htdocs\\old_dilip-2\\vendor\\laravel\\framework\\src\\Illuminate\\Database\\Connection.php:664, PDOException(code: 22007): SQLSTATE[22007]: Invalid datetime format: 1366 Incorrect string value: '\\xE2\\x88\\x9241....' for column 'percentage' at row 1 at D:\\xampp\\htdocs\\old_dilip-2\\vendor\\laravel\\framework\\src\\Illuminate\\Database\\Connection.php:458)
[stacktrace]
#0 D:\\xampp\\htdocs\\old_dilip-2\\vendor\\laravel\\framework\\src\\Illuminate\\Database\\Connection.php(624): Illuminate\\Database\\Connection->runQueryCallback('insert into `ni...', Array, Object(Closure))
#1 D:\\xampp\\htdocs\\old_dilip-2\\vendor\\laravel\\framework\\src\\Illuminate\\Database\\Connection.php(459): Illuminate\\Database\\Connection->run('insert into `ni...', Array, Object(Closure))
#2 D:\\xampp\\htdocs\\old_dilip-2\\vendor\\laravel\\framework\\src\\Illuminate\\Database\\Connection.php(411): Illuminate\\Database\\Connection->statement('insert into `ni...', Array)
#3 D:\\xampp\\htdocs\\old_dilip-2\\vendor\\laravel\\framework\\src\\Illuminate\\Database\\Query\\Processors\\Processor.php(32): Illuminate\\Database\\Connection->insert('insert into `ni...', Array)
#4 D:\\xampp\\htdocs\\old_dilip-2\\vendor\\laravel\\framework\\src\\Illuminate\\Database\\Query\\Builder.php(2159): Illuminate\\Database\\Query\\Processors\\Processor->processInsertGetId(Object(Illuminate\\Database\\Query\\Builder), 'insert into `ni...', Array, 'id')
#5 D:\\xampp\\htdocs\\old_dilip-2\\vendor\\laravel\\framework\\src\\Illuminate\\Database\\Eloquent\\Builder.php(1283): Illuminate\\Database\\Query\\Builder->insertGetId(Array, 'id')
#6 D:\\xampp\\htdocs\\old_dilip-2\\vendor\\laravel\\framework\\src\\Illuminate\\Database\\Eloquent\\Model.php(722): Illuminate\\Database\\Eloquent\\Builder->__call('insertGetId', Array)
#7 D:\\xampp\\htdocs\\old_dilip-2\\vendor\\laravel\\framework\\src\\Illuminate\\Database\\Eloquent\\Model.php(687): Illuminate\\Database\\Eloquent\\Model->insertAndSetId(Object(Illuminate\\Database\\Eloquent\\Builder), Array)
#8 D:\\xampp\\htdocs\\old_dilip-2\\vendor\\laravel\\framework\\src\\Illuminate\\Database\\Eloquent\\Model.php(550): Illuminate\\Database\\Eloquent\\Model->performInsert(Object(Illuminate\\Database\\Eloquent\\Builder))
#9 D:\\xampp\\htdocs\\old_dilip-2\\app\\Console\\Commands\\NiftyStore.php(54): Illuminate\\Database\\Eloquent\\Model->save()
#10 [internal function]: App\\Console\\Commands\\NiftyStore->handle()
#11 D:\\xampp\\htdocs\\old_dilip-2\\vendor\\laravel\\framework\\src\\Illuminate\\Container\\BoundMethod.php(29): call_user_func_array(Array, Array)
#12 D:\\xampp\\htdocs\\old_dilip-2\\vendor\\laravel\\framework\\src\\Illuminate\\Container\\BoundMethod.php(87): Illuminate\\Container\\BoundMethod::Illuminate\\Container\\{closure}()
#13 D:\\xampp\\htdocs\\old_dilip-2\\vendor\\laravel\\framework\\src\\Illuminate\\Container\\BoundMethod.php(31): Illuminate\\Container\\BoundMethod::callBoundMethod(Object(Illuminate\\Foundation\\Application), Array, Object(Closure))
#14 D:\\xampp\\htdocs\\old_dilip-2\\vendor\\laravel\\framework\\src\\Illuminate\\Container\\Container.php(549): Illuminate\\Container\\BoundMethod::call(Object(Illuminate\\Foundation\\Application), Array, Array, NULL)
#15 D:\\xampp\\htdocs\\old_dilip-2\\vendor\\laravel\\framework\\src\\Illuminate\\Console\\Command.php(183): Illuminate\\Container\\Container->call(Array)
#16 D:\\xampp\\htdocs\\old_dilip-2\\vendor\\symfony\\console\\Command\\Command.php(255): Illuminate\\Console\\Command->execute(Object(Symfony\\Component\\Console\\Input\\ArgvInput), Object(Illuminate\\Console\\OutputStyle))
#17 D:\\xampp\\htdocs\\old_dilip-2\\vendor\\laravel\\framework\\src\\Illuminate\\Console\\Command.php(170): Symfony\\Component\\Console\\Command\\Command->run(Object(Symfony\\Component\\Console\\Input\\ArgvInput), Object(Illuminate\\Console\\OutputStyle))
#18 D:\\xampp\\htdocs\\old_dilip-2\\vendor\\symfony\\console\\Application.php(960): Illuminate\\Console\\Command->run(Object(Symfony\\Component\\Console\\Input\\ArgvInput), Object(Symfony\\Component\\Console\\Output\\ConsoleOutput))
#19 D:\\xampp\\htdocs\\old_dilip-2\\vendor\\symfony\\console\\Application.php(255): Symfony\\Component\\Console\\Application->doRunCommand(Object(App\\Console\\Commands\\NiftyStore), Object(Symfony\\Component\\Console\\Input\\ArgvInput), Object(Symfony\\Component\\Console\\Output\\ConsoleOutput))
#20 D:\\xampp\\htdocs\\old_dilip-2\\vendor\\symfony\\console\\Application.php(148): Symfony\\Component\\Console\\Application->doRun(Object(Symfony\\Component\\Console\\Input\\ArgvInput), Object(Symfony\\Component\\Console\\Output\\ConsoleOutput))
#21 D:\\xampp\\htdocs\\old_dilip-2\\vendor\\laravel\\framework\\src\\Illuminate\\Console\\Application.php(88): Symfony\\Component\\Console\\Application->run(Object(Symfony\\Component\\Console\\Input\\ArgvInput), Object(Symfony\\Component\\Console\\Output\\ConsoleOutput))
#22 D:\\xampp\\htdocs\\old_dilip-2\\vendor\\laravel\\framework\\src\\Illuminate\\Foundation\\Console\\Kernel.php(121): Illuminate\\Console\\Application->run(Object(Symfony\\Component\\Console\\Input\\ArgvInput), Object(Symfony\\Component\\Console\\Output\\ConsoleOutput))
#23 D:\\xampp\\htdocs\\old_dilip-2\\artisan(37): Illuminate\\Foundation\\Console\\Kernel->handle(Object(Symfony\\Component\\Console\\Input\\ArgvInput), Object(Symfony\\Component\\Console\\Output\\ConsoleOutput))
#24 {main}
"} 
